d:\onedrive\studia\rok_3\ja\projekt\ja_project\dllc\x64\release\dllc.pch
d:\onedrive\studia\rok_3\ja\projekt\ja_project\dllc\x64\release\vc143.pdb
d:\onedrive\studia\rok_3\ja\projekt\ja_project\dllc\x64\release\pch.obj
d:\onedrive\studia\rok_3\ja\projekt\ja_project\dllc\x64\release\functions.obj
d:\onedrive\studia\rok_3\ja\projekt\ja_project\dllc\x64\release\dllmain.obj
d:\onedrive\studia\rok_3\ja\projekt\ja_project\greenscreenremover\x64\release\dllc.dll
d:\onedrive\studia\rok_3\ja\projekt\ja_project\greenscreenremover\x64\release\dllc.pdb
d:\onedrive\studia\rok_3\ja\projekt\ja_project\greenscreenremover\x64\release\dllc.lib
d:\onedrive\studia\rok_3\ja\projekt\ja_project\greenscreenremover\x64\release\dllc.exp
d:\onedrive\studia\rok_3\ja\projekt\ja_project\dllc\x64\release\dllc.ipdb
d:\onedrive\studia\rok_3\ja\projekt\ja_project\dllc\x64\release\dllc.iobj
d:\onedrive\studia\rok_3\ja\projekt\ja_project\dllc\x64\release\functions-laptokmichal.obj
d:\onedrive\studia\rok_3\ja\projekt\ja_project\dllc\x64\release\dllc-laptokmichal.ipdb
d:\onedrive\studia\rok_3\ja\projekt\ja_project\dllc\x64\release\dllc-laptokmichal.iobj
d:\onedrive\studia\rok_3\ja\projekt\ja_project\dllc\x64\release\vc143-laptokmichal.pdb
d:\onedrive\studia\rok_3\ja\projekt\ja_project\dllc\x64\release\dllc.tlog\cl.command.1.tlog
d:\onedrive\studia\rok_3\ja\projekt\ja_project\dllc\x64\release\dllc.tlog\cl.items.tlog
d:\onedrive\studia\rok_3\ja\projekt\ja_project\dllc\x64\release\dllc.tlog\cl.read.1.tlog
d:\onedrive\studia\rok_3\ja\projekt\ja_project\dllc\x64\release\dllc.tlog\cl.write.1.tlog
d:\onedrive\studia\rok_3\ja\projekt\ja_project\dllc\x64\release\dllc.tlog\link.command.1.tlog
d:\onedrive\studia\rok_3\ja\projekt\ja_project\dllc\x64\release\dllc.tlog\link.read.1.tlog
d:\onedrive\studia\rok_3\ja\projekt\ja_project\dllc\x64\release\dllc.tlog\link.secondary.1.tlog
d:\onedrive\studia\rok_3\ja\projekt\ja_project\dllc\x64\release\dllc.tlog\link.write.1.tlog
